Arguments: 
  /Users/flatironschool/.nvm/versions/node/v6.11.2/bin/node /Users/flatironschool/.nvm/versions/node/v6.11.2/bin/yarn add babel-preset-react@6.24.1 babel-preset-env-1.5.2

PATH: 
  /Users/flatironschool/.nvm/versions/node/v6.11.2/bin:/Users/flatironschool/.rvm/gems/ruby-2.3.3/bin:/Users/flatironschool/.rvm/gems/ruby-2.3.3@global/bin:/Users/flatironschool/.rvm/rubies/ruby-2.3.3/bin:/Applications/Postgres.app/Contents/Versions/latest/bin:/usr/local:/usr/local/bin:/usr/local/sbin:/usr/bin:/usr/local/bin:/usr/bin:/bin:/usr/sbin:/sbin:/Users/flatironschool/.rvm/bin

Yarn version: 
  1.7.0

Node version: 
  6.11.2

Platform: 
  darwin x64

Trace: 
  Error: https://registry.yarnpkg.com/babel-preset-env-1.5.2: Not found
      at Request.params.callback [as _callback] (/Users/flatironschool/.nvm/versions/node/v6.11.2/lib/node_modules/yarn/lib/cli.js:65656:18)
      at Request.self.callback (/Users/flatironschool/.nvm/versions/node/v6.11.2/lib/node_modules/yarn/lib/cli.js:134675:22)
      at emitTwo (events.js:106:13)
      at Request.emit (events.js:191:7)
      at Request.<anonymous> (/Users/flatironschool/.nvm/versions/node/v6.11.2/lib/node_modules/yarn/lib/cli.js:135658:10)
      at emitOne (events.js:96:13)
      at Request.emit (events.js:188:7)
      at IncomingMessage.<anonymous> (/Users/flatironschool/.nvm/versions/node/v6.11.2/lib/node_modules/yarn/lib/cli.js:135578:12)
      at IncomingMessage.g (events.js:292:16)
      at emitNone (events.js:91:20)

npm manifest: 
  {
    "name": "indecision_app",
    "version": "1.0.0",
    "main": "index.js",
    "license": "MIT"
  }

yarn manifest: 
  No manifest

Lockfile: 
  No lockfile
